Not Found: /img/resources/logo.png
Not Found: /img/resources/footer-logo.png
Not Found: /img/call-to-action/left-box-bg.jpg
Not Found: /img/call-to-action/center-box-bg.jpg
Not Found: /img/call-to-action/right-box-bg.jpg
Not Found: /favicon.ico
Not Found: /img/resources/logo.png
Not Found: /img/resources/footer-logo.png
Not Found: /img/call-to-action/left-box-bg.jpg
Not Found: /img/call-to-action/right-box-bg.jpg
Not Found: /img/call-to-action/center-box-bg.jpg
Not Found: /favicon.ico
Not Found: /img/resources/logo.png
Not Found: /img/resources/footer-logo.png
Not Found: /img/call-to-action/center-box-bg.jpg
Not Found: /img/call-to-action/left-box-bg.jpg
Not Found: /img/call-to-action/right-box-bg.jpg
Not Found: /favicon.ico
Not Found: /img/resources/logo.png
Not Found: /img/resources/footer-logo.png
Not Found: /img/call-to-action/left-box-bg.jpg
Not Found: /img/call-to-action/center-box-bg.jpg
Not Found: /img/call-to-action/right-box-bg.jpg
Not Found: /img/resources/logo.png
Not Found: /img/resources/footer-logo.png
Not Found: /favicon.ico
Not Found: /img/call-to-action/left-box-bg.jpg
Not Found: /img/call-to-action/center-box-bg.jpg
Not Found: /img/call-to-action/right-box-bg.jpg
Not Found: /favicon.ico
Not Found: /img/resources/logo.png
Not Found: /img/resources/footer-logo.png
Not Found: /img/call-to-action/left-box-bg.jpg
Not Found: /img/call-to-action/center-box-bg.jpg
Not Found: /img/call-to-action/right-box-bg.jpg
Not Found: /img/resources/logo.png
Not Found: /img/resources/footer-logo.png
Not Found: /img/resources/logo.png
Not Found: /img/resources/logo.png
Not Found: /img/resources/logo.png
Not Found: /img/call-to-action/left-box-bg.jpg
Not Found: /img/call-to-action/center-box-bg.jpg
Not Found: /img/resources/footer-logo.png
Not Found: /img/call-to-action/right-box-bg.jpg
Not Found: /favicon.ico
Not Found: /index.html
Not Found: /blogs/blog/img/resources/logo.png
Not Found: /blogs/blog/img/resources/footer-logo.png
Not Found: /blogs/blog/contact.html
Not Found: /img/resources/logo.png
Not Found: /img/resources/footer-logo.png
Not Found: /img/call-to-action/left-box-bg.jpg
Not Found: /img/call-to-action/center-box-bg.jpg
Not Found: /img/call-to-action/right-box-bg.jpg
Not Found: /about.html
Not Found: /img/resources/logo.png
Not Found: /img/resources/footer-logo.png
Not Found: /img/call-to-action/right-box-bg.jpg
Not Found: /img/call-to-action/center-box-bg.jpg
Not Found: /img/call-to-action/left-box-bg.jpg
Not Found: /favicon.ico
Not Found: /favicon.ico
Not Found: /favicon.ico
Not Found: /favicon.ico
Not Found: /favicon.ico
Not Found: /favicon.ico
Not Found: /favicon.ico
Not Found: /favicon.ico
Not Found: /favicon.ico
Not Found: /img/resources/logo.png
Not Found: /img/resources/footer-logo.png
Not Found: /img/call-to-action/left-box-bg.jpg
Not Found: /img/call-to-action/center-box-bg.jpg
Not Found: /img/call-to-action/right-box-bg.jpg
